  pch.cpp
  Proyecto_Parcial1_Test.cpp
C:\Users\Asus\Desktop\GrupoEstructuras\Team-1-DataStrucure-7166\I-PARCIAL\Proyecto\Proyecto_Parcial1_Test\Proyecto_Parcial1_Test.cpp(34,3): error C2535: 'const Microsoft::VisualStudio::CppUnitTestFramework::MemberMethodInfo *ProyectoParcial1Test::ProyectoParcial1Test2::__GetTestMethodInfo_TestMethod2(void)': función miembro ya definida o declarada
C:\Users\Asus\Desktop\GrupoEstructuras\Team-1-DataStrucure-7166\I-PARCIAL\Proyecto\Proyecto_Parcial1_Test\Proyecto_Parcial1_Test.cpp(30): message : vea la declaración de 'ProyectoParcial1Test::ProyectoParcial1Test2::__GetTestMethodInfo_TestMethod2'
C:\Users\Asus\Desktop\GrupoEstructuras\Team-1-DataStrucure-7166\I-PARCIAL\Proyecto\Proyecto_Parcial1_Test\Proyecto_Parcial1_Test.cpp(34,3): error C2535: 'void ProyectoParcial1Test::ProyectoParcial1Test2::TestMethod2(void)': función miembro ya definida o declarada
C:\Users\Asus\Desktop\GrupoEstructuras\Team-1-DataStrucure-7166\I-PARCIAL\Proyecto\Proyecto_Parcial1_Test\Proyecto_Parcial1_Test.cpp(30): message : vea la declaración de 'ProyectoParcial1Test::ProyectoParcial1Test2::TestMethod2'
C:\Users\Asus\Desktop\GrupoEstructuras\Team-1-DataStrucure-7166\I-PARCIAL\Proyecto\Proyecto_Parcial1_Test\Proyecto_Parcial1_Test.cpp(52,3): error C2535: 'const Microsoft::VisualStudio::CppUnitTestFramework::MemberMethodInfo *ProyectoParcial1Test::ProyectoParcial1Test3::__GetTestMethodInfo_TestMethod2(void)': función miembro ya definida o declarada
C:\Users\Asus\Desktop\GrupoEstructuras\Team-1-DataStrucure-7166\I-PARCIAL\Proyecto\Proyecto_Parcial1_Test\Proyecto_Parcial1_Test.cpp(48): message : vea la declaración de 'ProyectoParcial1Test::ProyectoParcial1Test3::__GetTestMethodInfo_TestMethod2'
C:\Users\Asus\Desktop\GrupoEstructuras\Team-1-DataStrucure-7166\I-PARCIAL\Proyecto\Proyecto_Parcial1_Test\Proyecto_Parcial1_Test.cpp(52,3): error C2535: 'void ProyectoParcial1Test::ProyectoParcial1Test3::TestMethod2(void)': función miembro ya definida o declarada
C:\Users\Asus\Desktop\GrupoEstructuras\Team-1-DataStrucure-7166\I-PARCIAL\Proyecto\Proyecto_Parcial1_Test\Proyecto_Parcial1_Test.cpp(48): message : vea la declaración de 'ProyectoParcial1Test::ProyectoParcial1Test3::TestMethod2'
C:\Users\Asus\Desktop\GrupoEstructuras\Team-1-DataStrucure-7166\I-PARCIAL\Proyecto\Proyecto_Parcial1_Test\Proyecto_Parcial1_Test.cpp(70,3): error C2535: 'const Microsoft::VisualStudio::CppUnitTestFramework::MemberMethodInfo *ProyectoParcial1Test::ProyectoParcial1Test4::__GetTestMethodInfo_TestMethod2(void)': función miembro ya definida o declarada
C:\Users\Asus\Desktop\GrupoEstructuras\Team-1-DataStrucure-7166\I-PARCIAL\Proyecto\Proyecto_Parcial1_Test\Proyecto_Parcial1_Test.cpp(66): message : vea la declaración de 'ProyectoParcial1Test::ProyectoParcial1Test4::__GetTestMethodInfo_TestMethod2'
C:\Users\Asus\Desktop\GrupoEstructuras\Team-1-DataStrucure-7166\I-PARCIAL\Proyecto\Proyecto_Parcial1_Test\Proyecto_Parcial1_Test.cpp(70,3): error C2535: 'void ProyectoParcial1Test::ProyectoParcial1Test4::TestMethod2(void)': función miembro ya definida o declarada
C:\Users\Asus\Desktop\GrupoEstructuras\Team-1-DataStrucure-7166\I-PARCIAL\Proyecto\Proyecto_Parcial1_Test\Proyecto_Parcial1_Test.cpp(66): message : vea la declaración de 'ProyectoParcial1Test::ProyectoParcial1Test4::TestMethod2'
